<?xml version="1.0" encoding="UTF-8"?>
<!-- Generated by org.testng.reporters.JUnitReportReporter -->
<testsuite skipped="0" hostname="Erans-MacBook-Pro.local" name="MyPackage.FunctionalVsVisualTest" tests="1" failures="0" timestamp="25 Apr 2020 00:32:27 GMT" time="33.480" errors="0">
  <testcase name="Test" time="33.480" classname="MyPackage.FunctionalVsVisualTest"/>
</testsuite> <!-- MyPackage.FunctionalVsVisualTest -->
